{"numFailedTestSuites":0,"numFailedTests":0,"numPassedTestSuites":9,"numPassedTests":25,"numPendingTestSuites":0,"numPendingTests":0,"numRuntimeErrorTestSuites":0,"numTodoTests":0,"numTotalTestSuites":9,"numTotalTests":25,"openHandles":[],"snapshot":{"added":0,"didUpdate":false,"failure":false,"filesAdded":0,"filesRemoved":0,"filesRemovedList":[],"filesUnmatched":0,"filesUpdated":0,"matched":12,"total":12,"unchecked":0,"uncheckedKeysByFile":[],"unmatched":0,"updated":0},"startTime":1648104091683,"success":true,"testResults":[{"assertionResults":[{"ancestorTitles":["TextField"],"failureMessages":[],"fullName":"TextField renders correctly","location":null,"status":"passed","title":"renders correctly"},{"ancestorTitles":["TextField"],"failureMessages":[],"fullName":"TextField with a value","location":null,"status":"passed","title":"with a value"},{"ancestorTitles":["TextField"],"failureMessages":[],"fullName":"TextField with a helper text","location":null,"status":"passed","title":"with a helper text"}],"endTime":1648104097807,"message":"","name":"C:\\Projects\\super-cloud-ui\\src\\components\\textfield\\TextField.test.tsx","startTime":1648104093693,"status":"passed","summary":""},{"assertionResults":[{"ancestorTitles":["Tooltip"],"failureMessages":[],"fullName":"Tooltip tooltip renders correctly","location":null,"status":"passed","title":"tooltip renders correctly"},{"ancestorTitles":["Tooltip"],"failureMessages":[],"fullName":"Tooltip tooltip text renders correctly","location":null,"status":"passed","title":"tooltip text renders correctly"}],"endTime":1648104097840,"message":"","name":"C:\\Projects\\super-cloud-ui\\src\\components\\tooltip\\Tooltip.test.tsx","startTime":1648104093658,"status":"passed","summary":""},{"assertionResults":[{"ancestorTitles":["Chip"],"failureMessages":[],"fullName":"Chip renders correctly","location":null,"status":"passed","title":"renders correctly"},{"ancestorTitles":["Chip"],"failureMessages":[],"fullName":"Chip chip group with category","location":null,"status":"passed","title":"chip group with category"},{"ancestorTitles":["Chip"],"failureMessages":[],"fullName":"Chip chip group with deletable category","location":null,"status":"passed","title":"chip group with deletable category"},{"ancestorTitles":["Chip"],"failureMessages":[],"fullName":"Chip chip group with category and tooltip","location":null,"status":"passed","title":"chip group with category and tooltip"},{"ancestorTitles":["Chip"],"failureMessages":[],"fullName":"Chip chip group will not render if no children passed","location":null,"status":"passed","title":"chip group will not render if no children passed"}],"endTime":1648104097850,"message":"","name":"C:\\Projects\\super-cloud-ui\\src\\components\\chip-group\\ChipGroup.test.tsx","startTime":1648104093689,"status":"passed","summary":""},{"assertionResults":[{"ancestorTitles":["Autocomplete"],"failureMessages":[],"fullName":"Autocomplete renders correctly","location":null,"status":"passed","title":"renders correctly"},{"ancestorTitles":["Autocomplete"],"failureMessages":[],"fullName":"Autocomplete renders correctly if option type is label","location":null,"status":"passed","title":"renders correctly if option type is label"}],"endTime":1648104098083,"message":"","name":"C:\\Projects\\super-cloud-ui\\src\\components\\autocomplete\\Autocomplete.test.tsx","startTime":1648104093612,"status":"passed","summary":""},{"assertionResults":[{"ancestorTitles":["삭제 다이알로그 테스트"],"failureMessages":[],"fullName":"삭제 다이알로그 테스트 테이블 스냅샷 테스트","location":null,"status":"passed","title":"테이블 스냅샷 테스트"},{"ancestorTitles":["삭제 다이알로그 테스트"],"failureMessages":[],"fullName":"삭제 다이알로그 테스트 delete Dialog에서 에러 발생시 validation 문구 테스트","location":null,"status":"passed","title":"delete Dialog에서 에러 발생시 validation 문구 테스트"}],"endTime":1648104098162,"message":"","name":"C:\\Projects\\super-cloud-ui\\src\\components\\dialog\\Dialog.test.tsx","startTime":1648104093671,"status":"passed","summary":""},{"assertionResults":[{"ancestorTitles":["Button"],"failureMessages":[],"fullName":"Button renders correctly","location":null,"status":"passed","title":"renders correctly"}],"endTime":1648104098570,"message":"","name":"C:\\Projects\\super-cloud-ui\\src\\components\\button\\Button.test.tsx","startTime":1648104097889,"status":"passed","summary":""},{"assertionResults":[{"ancestorTitles":["Chip"],"failureMessages":[],"fullName":"Chip renders correctly","location":null,"status":"passed","title":"renders correctly"},{"ancestorTitles":["Chip"],"failureMessages":[],"fullName":"Chip renders label correctly","location":null,"status":"passed","title":"renders label correctly"},{"ancestorTitles":["Chip"],"failureMessages":[],"fullName":"Chip renders delete icon correctly","location":null,"status":"passed","title":"renders delete icon correctly"}],"endTime":1648104098592,"message":"","name":"C:\\Projects\\super-cloud-ui\\src\\components\\chip\\Chip.test.tsx","startTime":1648104097842,"status":"passed","summary":""},{"assertionResults":[{"ancestorTitles":["Select"],"failureMessages":[],"fullName":"Select renders correctly","location":null,"status":"passed","title":"renders correctly"},{"ancestorTitles":["Select"],"failureMessages":[],"fullName":"Select render label correctly","location":null,"status":"passed","title":"render label correctly"}],"endTime":1648104098659,"message":"","name":"C:\\Projects\\super-cloud-ui\\src\\components\\select\\Select.test.tsx","startTime":1648104097879,"status":"passed","summary":""},{"assertionResults":[{"ancestorTitles":["테이블 테스트"],"failureMessages":[],"fullName":"테이블 테스트 테이블 스냅샷 테스트","location":null,"status":"passed","title":"테이블 스냅샷 테스트"},{"ancestorTitles":["테이블 테스트"],"failureMessages":[],"fullName":"테이블 테스트 빈 배열 왔을 때 `해당 리소스를 찾을 수 없습니다.` 잘 뜨는지 테스트","location":null,"status":"passed","title":"빈 배열 왔을 때 `해당 리소스를 찾을 수 없습니다.` 잘 뜨는지 테스트"},{"ancestorTitles":["테이블 테스트"],"failureMessages":[],"fullName":"테이블 테스트 서버 에러 404일 때 errorMsg 잘 뜨는지 테스트","location":null,"status":"passed","title":"서버 에러 404일 때 errorMsg 잘 뜨는지 테스트"},{"ancestorTitles":["테이블 테스트"],"failureMessages":[],"fullName":"테이블 테스트 sort 버튼 클릭시에 icon 변경 테스트","location":null,"status":"passed","title":"sort 버튼 클릭시에 icon 변경 테스트"},{"ancestorTitles":["테이블 테스트"],"failureMessages":[],"fullName":"테이블 테스트 sort 버튼 클릭시에 제대로 sorting 이루어지는지","location":null,"status":"passed","title":"sort 버튼 클릭시에 제대로 sorting 이루어지는지"}],"endTime":1648104099298,"message":"","name":"C:\\Projects\\super-cloud-ui\\src\\components\\table\\Table.test.tsx","startTime":1648104093628,"status":"passed","summary":""}],"wasInterrupted":false}