{"numFailedTestSuites":0,"numFailedTests":0,"numPassedTestSuites":6,"numPassedTests":15,"numPendingTestSuites":0,"numPendingTests":0,"numRuntimeErrorTestSuites":0,"numTodoTests":0,"numTotalTestSuites":6,"numTotalTests":15,"openHandles":[],"snapshot":{"added":0,"didUpdate":false,"failure":false,"filesAdded":0,"filesRemoved":0,"filesRemovedList":[],"filesUnmatched":0,"filesUpdated":0,"matched":6,"total":6,"unchecked":0,"uncheckedKeysByFile":[],"unmatched":0,"updated":0},"startTime":1647249225004,"success":true,"testResults":[{"assertionResults":[{"ancestorTitles":["삭제 다이알로그 테스트"],"failureMessages":[],"fullName":"삭제 다이알로그 테스트 테이블 스냅샷 테스트","location":null,"status":"passed","title":"테이블 스냅샷 테스트"},{"ancestorTitles":["삭제 다이알로그 테스트"],"failureMessages":[],"fullName":"삭제 다이알로그 테스트 delete Dialog에서 에러 발생시 validation 문구 테스트","location":null,"status":"passed","title":"delete Dialog에서 에러 발생시 validation 문구 테스트"}],"endTime":1647249230460,"message":"","name":"C:\\Projects\\super-cloud-ui\\src\\components\\dialog\\Dialog.test.tsx","startTime":1647249227206,"status":"passed","summary":""},{"assertionResults":[{"ancestorTitles":["Button"],"failureMessages":[],"fullName":"Button renders correctly","location":null,"status":"passed","title":"renders correctly"}],"endTime":1647249231018,"message":"","name":"C:\\Projects\\super-cloud-ui\\src\\components\\button\\Button.test.tsx","startTime":1647249227175,"status":"passed","summary":""},{"assertionResults":[{"ancestorTitles":["Tooltip"],"failureMessages":[],"fullName":"Tooltip tooltip renders correctly","location":null,"status":"passed","title":"tooltip renders correctly"},{"ancestorTitles":["Tooltip"],"failureMessages":[],"fullName":"Tooltip tooltip text renders correctly","location":null,"status":"passed","title":"tooltip text renders correctly"}],"endTime":1647249231156,"message":"","name":"C:\\Projects\\super-cloud-ui\\src\\components\\tooltip\\Tooltip.test.tsx","startTime":1647249227151,"status":"passed","summary":""},{"assertionResults":[{"ancestorTitles":["TextField"],"failureMessages":[],"fullName":"TextField renders correctly","location":null,"status":"passed","title":"renders correctly"},{"ancestorTitles":["TextField"],"failureMessages":[],"fullName":"TextField with a value","location":null,"status":"passed","title":"with a value"},{"ancestorTitles":["TextField"],"failureMessages":[],"fullName":"TextField with a helper text","location":null,"status":"passed","title":"with a helper text"}],"endTime":1647249231964,"message":"","name":"C:\\Projects\\super-cloud-ui\\src\\components\\textfield\\TextField.test.tsx","startTime":1647249227183,"status":"passed","summary":""},{"assertionResults":[{"ancestorTitles":["Autocomplete"],"failureMessages":[],"fullName":"Autocomplete renders correctly","location":null,"status":"passed","title":"renders correctly"},{"ancestorTitles":["Autocomplete"],"failureMessages":[],"fullName":"Autocomplete renders correctly if option type is label","location":null,"status":"passed","title":"renders correctly if option type is label"}],"endTime":1647249232225,"message":"","name":"C:\\Projects\\super-cloud-ui\\src\\components\\autocomplete\\Autocomplete.test.tsx","startTime":1647249227093,"status":"passed","summary":""},{"assertionResults":[{"ancestorTitles":["테이블 테스트"],"failureMessages":[],"fullName":"테이블 테스트 테이블 스냅샷 테스트","location":null,"status":"passed","title":"테이블 스냅샷 테스트"},{"ancestorTitles":["테이블 테스트"],"failureMessages":[],"fullName":"테이블 테스트 빈 배열 왔을 때 `해당 리소스를 찾을 수 없습니다.` 잘 뜨는지 테스트","location":null,"status":"passed","title":"빈 배열 왔을 때 `해당 리소스를 찾을 수 없습니다.` 잘 뜨는지 테스트"},{"ancestorTitles":["테이블 테스트"],"failureMessages":[],"fullName":"테이블 테스트 서버 에러 404일 때 errorMsg 잘 뜨는지 테스트","location":null,"status":"passed","title":"서버 에러 404일 때 errorMsg 잘 뜨는지 테스트"},{"ancestorTitles":["테이블 테스트"],"failureMessages":[],"fullName":"테이블 테스트 sort 버튼 클릭시에 icon 변경 테스트","location":null,"status":"passed","title":"sort 버튼 클릭시에 icon 변경 테스트"},{"ancestorTitles":["테이블 테스트"],"failureMessages":[],"fullName":"테이블 테스트 sort 버튼 클릭시에 제대로 sorting 이루어지는지","location":null,"status":"passed","title":"sort 버튼 클릭시에 제대로 sorting 이루어지는지"}],"endTime":1647249232615,"message":"","name":"C:\\Projects\\super-cloud-ui\\src\\components\\table\\Table.test.tsx","startTime":1647249227091,"status":"passed","summary":""}],"wasInterrupted":false}